mode: set
github.com/f1xgun/onevoice/services/api/internal/handler/auth.go:35.59,36.24 1 1
github.com/f1xgun/onevoice/services/api/internal/handler/auth.go:36.24,37.37 1 0
github.com/f1xgun/onevoice/services/api/internal/handler/auth.go:39.2,42.3 1 1
github.com/f1xgun/onevoice/services/api/internal/handler/auth.go:80.72,84.61 2 1
github.com/f1xgun/onevoice/services/api/internal/handler/auth.go:84.61,87.3 2 1
github.com/f1xgun/onevoice/services/api/internal/handler/auth.go:90.2,90.47 1 1
github.com/f1xgun/onevoice/services/api/internal/handler/auth.go:90.47,93.3 2 1
github.com/f1xgun/onevoice/services/api/internal/handler/auth.go:96.2,97.16 2 1
github.com/f1xgun/onevoice/services/api/internal/handler/auth.go:97.16,98.43 1 1
github.com/f1xgun/onevoice/services/api/internal/handler/auth.go:98.43,101.4 2 1
github.com/f1xgun/onevoice/services/api/internal/handler/auth.go:102.3,104.9 3 1
github.com/f1xgun/onevoice/services/api/internal/handler/auth.go:108.2,108.40 1 1
github.com/f1xgun/onevoice/services/api/internal/handler/auth.go:112.69,116.61 2 1
github.com/f1xgun/onevoice/services/api/internal/handler/auth.go:116.61,119.3 2 1
github.com/f1xgun/onevoice/services/api/internal/handler/auth.go:122.2,122.47 1 1
github.com/f1xgun/onevoice/services/api/internal/handler/auth.go:122.47,125.3 2 1
github.com/f1xgun/onevoice/services/api/internal/handler/auth.go:128.2,129.16 2 1
github.com/f1xgun/onevoice/services/api/internal/handler/auth.go:129.16,130.51 1 1
github.com/f1xgun/onevoice/services/api/internal/handler/auth.go:130.51,139.4 3 1
github.com/f1xgun/onevoice/services/api/internal/handler/auth.go:140.3,142.9 3 1
github.com/f1xgun/onevoice/services/api/internal/handler/auth.go:146.2,150.4 1 1
github.com/f1xgun/onevoice/services/api/internal/handler/auth.go:154.76,158.61 2 1
github.com/f1xgun/onevoice/services/api/internal/handler/auth.go:158.61,161.3 2 1
github.com/f1xgun/onevoice/services/api/internal/handler/auth.go:164.2,164.47 1 1
github.com/f1xgun/onevoice/services/api/internal/handler/auth.go:164.47,167.3 2 1
github.com/f1xgun/onevoice/services/api/internal/handler/auth.go:170.2,171.16 2 1
github.com/f1xgun/onevoice/services/api/internal/handler/auth.go:171.16,172.45 1 1
github.com/f1xgun/onevoice/services/api/internal/handler/auth.go:172.45,175.4 2 1
github.com/f1xgun/onevoice/services/api/internal/handler/auth.go:176.3,178.9 3 1
github.com/f1xgun/onevoice/services/api/internal/handler/auth.go:182.2,184.4 1 1
github.com/f1xgun/onevoice/services/api/internal/handler/auth.go:188.70,192.61 2 1
github.com/f1xgun/onevoice/services/api/internal/handler/auth.go:192.61,195.3 2 1
github.com/f1xgun/onevoice/services/api/internal/handler/auth.go:198.2,198.47 1 1
github.com/f1xgun/onevoice/services/api/internal/handler/auth.go:198.47,201.3 2 1
github.com/f1xgun/onevoice/services/api/internal/handler/auth.go:204.2,205.16 2 1
github.com/f1xgun/onevoice/services/api/internal/handler/auth.go:205.16,206.45 1 1
github.com/f1xgun/onevoice/services/api/internal/handler/auth.go:206.45,209.4 2 1
github.com/f1xgun/onevoice/services/api/internal/handler/auth.go:210.3,212.9 3 1
github.com/f1xgun/onevoice/services/api/internal/handler/auth.go:216.2,216.41 1 1
github.com/f1xgun/onevoice/services/api/internal/handler/auth.go:220.66,223.16 2 1
github.com/f1xgun/onevoice/services/api/internal/handler/auth.go:223.16,226.3 2 1
github.com/f1xgun/onevoice/services/api/internal/handler/auth.go:229.2,230.16 2 1
github.com/f1xgun/onevoice/services/api/internal/handler/auth.go:230.16,231.45 1 1
github.com/f1xgun/onevoice/services/api/internal/handler/auth.go:231.45,234.4 2 1
github.com/f1xgun/onevoice/services/api/internal/handler/auth.go:235.3,237.9 3 1
github.com/f1xgun/onevoice/services/api/internal/handler/auth.go:241.2,241.35 1 1
github.com/f1xgun/onevoice/services/api/internal/handler/business.go:40.75,41.28 1 1
github.com/f1xgun/onevoice/services/api/internal/handler/business.go:41.28,42.41 1 0
github.com/f1xgun/onevoice/services/api/internal/handler/business.go:44.2,47.3 1 1
github.com/f1xgun/onevoice/services/api/internal/handler/business.go:51.79,54.16 2 1
github.com/f1xgun/onevoice/services/api/internal/handler/business.go:54.16,57.3 2 1
github.com/f1xgun/onevoice/services/api/internal/handler/business.go:60.2,61.16 2 1
github.com/f1xgun/onevoice/services/api/internal/handler/business.go:61.16,62.49 1 1
github.com/f1xgun/onevoice/services/api/internal/handler/business.go:62.49,65.4 2 1
github.com/f1xgun/onevoice/services/api/internal/handler/business.go:66.3,68.9 3 1
github.com/f1xgun/onevoice/services/api/internal/handler/business.go:72.2,72.39 1 1
github.com/f1xgun/onevoice/services/api/internal/handler/business.go:76.82,79.16 2 1
github.com/f1xgun/onevoice/services/api/internal/handler/business.go:79.16,82.3 2 1
github.com/f1xgun/onevoice/services/api/internal/handler/business.go:85.2,86.61 2 1
github.com/f1xgun/onevoice/services/api/internal/handler/business.go:86.61,89.3 2 1
github.com/f1xgun/onevoice/services/api/internal/handler/business.go:92.2,92.47 1 1
github.com/f1xgun/onevoice/services/api/internal/handler/business.go:92.47,95.3 2 1
github.com/f1xgun/onevoice/services/api/internal/handler/business.go:98.2,99.16 2 1
github.com/f1xgun/onevoice/services/api/internal/handler/business.go:99.16,100.49 1 1
github.com/f1xgun/onevoice/services/api/internal/handler/business.go:100.49,103.4 2 1
github.com/f1xgun/onevoice/services/api/internal/handler/business.go:104.3,106.9 3 0
github.com/f1xgun/onevoice/services/api/internal/handler/business.go:110.2,118.16 7 1
github.com/f1xgun/onevoice/services/api/internal/handler/business.go:118.16,122.3 3 1
github.com/f1xgun/onevoice/services/api/internal/handler/business.go:125.2,125.46 1 1
github.com/f1xgun/onevoice/services/api/internal/handler/response.go:23.69,27.51 3 1
github.com/f1xgun/onevoice/services/api/internal/handler/response.go:27.51,28.57 1 1
github.com/f1xgun/onevoice/services/api/internal/handler/response.go:28.57,30.4 1 0
github.com/f1xgun/onevoice/services/api/internal/handler/response.go:35.72,37.2 1 1
github.com/f1xgun/onevoice/services/api/internal/handler/response.go:40.61,43.66 2 1
github.com/f1xgun/onevoice/services/api/internal/handler/response.go:43.66,44.45 1 1
github.com/f1xgun/onevoice/services/api/internal/handler/response.go:44.45,50.15 4 1
github.com/f1xgun/onevoice/services/api/internal/handler/response.go:51.20,52.34 1 1
github.com/f1xgun/onevoice/services/api/internal/handler/response.go:53.17,54.37 1 1
github.com/f1xgun/onevoice/services/api/internal/handler/response.go:55.15,56.35 1 1
github.com/f1xgun/onevoice/services/api/internal/handler/response.go:57.15,58.34 1 0
github.com/f1xgun/onevoice/services/api/internal/handler/response.go:59.12,60.34 1 0
github.com/f1xgun/onevoice/services/api/internal/handler/response.go:63.4,63.27 1 1
github.com/f1xgun/onevoice/services/api/internal/handler/response.go:65.8,67.3 1 0
github.com/f1xgun/onevoice/services/api/internal/handler/response.go:69.2,72.4 1 1
